/home/ee210953/.local/lib/python3.6/site-packages/darkflow/dark/darknet.py:54: UserWarning: ./cfg/tiny-yolo-voc.cfg not found, use conf/tiny-yolo-voc.cfg instead
  cfg_path, FLAGS.model))
Parsing conf/tiny-yolo-voc.cfg
Loading weights/tiny-yolo-voc.weights ...
Successfully identified 63471556 bytes
Finished in 0.0035004615783691406s
Model has a VOC model name, loading VOC labels.

Building net ...
Source | Train? | Layer description                | Output size
-------+--------+----------------------------------+---------------
       |        | input                            | (?, 416, 416, 3)
 Load  |  Yep!  | conv 3x3p1_1  +bnorm  leaky      | (?, 416, 416, 16)
 Load  |  Yep!  | maxp 2x2p0_2                     | (?, 208, 208, 16)
 Load  |  Yep!  | conv 3x3p1_1  +bnorm  leaky      | (?, 208, 208, 32)
 Load  |  Yep!  | maxp 2x2p0_2                     | (?, 104, 104, 32)
 Load  |  Yep!  | conv 3x3p1_1  +bnorm  leaky      | (?, 104, 104, 64)
 Load  |  Yep!  | maxp 2x2p0_2                     | (?, 52, 52, 64)
 Load  |  Yep!  | conv 3x3p1_1  +bnorm  leaky      | (?, 52, 52, 128)
 Load  |  Yep!  | maxp 2x2p0_2                     | (?, 26, 26, 128)
 Load  |  Yep!  | conv 3x3p1_1  +bnorm  leaky      | (?, 26, 26, 256)
 Load  |  Yep!  | maxp 2x2p0_2                     | (?, 13, 13, 256)
 Load  |  Yep!  | conv 3x3p1_1  +bnorm  leaky      | (?, 13, 13, 512)
 Load  |  Yep!  | maxp 2x2p0_1                     | (?, 13, 13, 512)
 Load  |  Yep!  | conv 3x3p1_1  +bnorm  leaky      | (?, 13, 13, 1024)
 Load  |  Yep!  | conv 3x3p1_1  +bnorm  leaky      | (?, 13, 13, 1024)
 Load  |  Yep!  | conv 1x1p0_1    linear           | (?, 13, 13, 125)
-------+--------+----------------------------------+---------------
Running entirely on CPU
Finished in 1.4655284881591797s

