Yolo2 Object Detection Program Starts
Videofile Control Process Starts
Keyboard Input Handler Starts
OpenCV: FFMPEG: tag 0x5634504d/'MP4V' is not supported with codec id 12 and format 'mp4 / MP4 (MPEG-4 Part 14)'
OpenCV: FFMPEG: fallback to use tag 0x7634706d/'mp4v'
Parsing ./cfg/tiny-yolo-voc.cfg
Parsing conf/tiny-yolo-voc.cfg
Loading weights/tiny-yolo-voc.weights ...
Successfully identified 63471556 bytes
Finished in 0.0032629966735839844s
Model has a VOC model name, loading VOC labels.

Building net ...
Source | Train? | Layer description                | Output size
-------+--------+----------------------------------+---------------
       |        | input                            | (?, 416, 416, 3)
 Load  |  Yep!  | conv 3x3p1_1  +bnorm  leaky      | (?, 416, 416, 16)
 Load  |  Yep!  | maxp 2x2p0_2                     | (?, 208, 208, 16)
 Load  |  Yep!  | conv 3x3p1_1  +bnorm  leaky      | (?, 208, 208, 32)
 Load  |  Yep!  | maxp 2x2p0_2                     | (?, 104, 104, 32)
 Load  |  Yep!  | conv 3x3p1_1  +bnorm  leaky      | (?, 104, 104, 64)
 Load  |  Yep!  | maxp 2x2p0_2                     | (?, 52, 52, 64)
 Load  |  Yep!  | conv 3x3p1_1  +bnorm  leaky      | (?, 52, 52, 128)
 Load  |  Yep!  | maxp 2x2p0_2                     | (?, 26, 26, 128)
 Load  |  Yep!  | conv 3x3p1_1  +bnorm  leaky      | (?, 26, 26, 256)
 Load  |  Yep!  | maxp 2x2p0_2                     | (?, 13, 13, 256)
 Load  |  Yep!  | conv 3x3p1_1  +bnorm  leaky      | (?, 13, 13, 512)
 Load  |  Yep!  | maxp 2x2p0_1                     | (?, 13, 13, 512)
 Load  |  Yep!  | conv 3x3p1_1  +bnorm  leaky      | (?, 13, 13, 1024)
 Load  |  Yep!  | conv 3x3p1_1  +bnorm  leaky      | (?, 13, 13, 1024)
 Load  |  Yep!  | conv 1x1p0_1    linear           | (?, 13, 13, 125)
-------+--------+----------------------------------+---------------
Running entirely on CPU
Finished in 0.8317499160766602s

Detection Process Starts
Keyboard Input Handler Ends
Detection Process Ends..
Videofile Control Process Ends
Sent KILL Signal
Yolo2 Object Detection Program Ends
